# JRE version: Java(TM) SE Runtime Environment (8.0_74-b02) (build 1.8.0_74-b02)
# Java VM: Java HotSpot(TM) 64-Bit Server VM (25.74-b02 mixed mode bsd-amd64 compressed oops)
Heap:
 PSYoungGen      total 343552K, used 179177K [0x000000076ab00000, 0x000000078dc80000, 0x00000007c0000000)
  eden space 152576K, 12% used [0x000000076ab00000,0x000000076bdcb630,0x0000000774000000)
  from space 190976K, 83% used [0x0000000774000000,0x000000077dc2f0a0,0x000000077fa80000)
  to   space 207360K, 0% used [0x0000000781200000,0x0000000781200000,0x000000078dc80000)
 ParOldGen       total 609280K, used 338134K [0x00000006c0000000, 0x00000006e5300000, 0x000000076ab00000)
  object space 609280K, 55% used [0x00000006c0000000,0x00000006d4a35bb8,0x00000006e5300000)
 Metaspace       used 11096K, capacity 11342K, committed 11520K, reserved 1058816K
  class space    used 1340K, capacity 1423K, committed 1536K, reserved 1048576K
GC Heap History (10 events):
Event: 12.637 GC heap before
{Heap before GC invocations=7 (full 2):
 PSYoungGen      total 167936K, used 10736K [0x000000076ab00000, 0x0000000781b80000, 0x00000007c0000000)
  eden space 157184K, 0% used [0x000000076ab00000,0x000000076ab00000,0x0000000774480000)
  from space 10752K, 99% used [0x000000077ab00000,0x000000077b57c020,0x000000077b580000)
  to   space 104448K, 0% used [0x000000077b580000,0x000000077b580000,0x0000000781b80000)
 ParOldGen       total 312320K, used 272686K [0x00000006c0000000, 0x00000006d3100000, 0x000000076ab00000)
  object space 312320K, 87% used [0x00000006c0000000,0x00000006d0a4b9a0,0x00000006d3100000)
 Metaspace       used 8435K, capacity 8636K, committed 8832K, reserved 1056768K
  class space    used 1032K, capacity 1122K, committed 1152K, reserved 1048576K
Event: 13.131 GC heap after
Heap after GC invocations=7 (full 2):
 PSYoungGen      total 167936K, used 0K [0x000000076ab00000, 0x0000000781b80000, 0x00000007c0000000)
  eden space 157184K, 0% used [0x000000076ab00000,0x000000076ab00000,0x0000000774480000)
  from space 10752K, 0% used [0x000000077ab00000,0x000000077ab00000,0x000000077b580000)
  to   space 104448K, 0% used [0x000000077b580000,0x000000077b580000,0x0000000781b80000)
 ParOldGen       total 609280K, used 275546K [0x00000006c0000000, 0x00000006e5300000, 0x000000076ab00000)
  object space 609280K, 45% used [0x00000006c0000000,0x00000006d0d16a48,0x00000006e5300000)
 Metaspace       used 8435K, capacity 8636K, committed 8832K, reserved 1056768K
  class space    used 1032K, capacity 1122K, committed 1152K, reserved 1048576K
}
Event: 16.434 GC heap before
{Heap before GC invocations=8 (full 2):
 PSYoungGen      total 167936K, used 157184K [0x000000076ab00000, 0x0000000781b80000, 0x00000007c0000000)
  eden space 157184K, 100% used [0x000000076ab00000,0x0000000774480000,0x0000000774480000)
  from space 10752K, 0% used [0x000000077ab00000,0x000000077ab00000,0x000000077b580000)
  to   space 104448K, 0% used [0x000000077b580000,0x000000077b580000,0x0000000781b80000)
 ParOldGen       total 609280K, used 275546K [0x00000006c0000000, 0x00000006e5300000, 0x000000076ab00000)
  object space 609280K, 45% used [0x00000006c0000000,0x00000006d0d16a48,0x00000006e5300000)
 Metaspace       used 8438K, capacity 8636K, committed 8832K, reserved 1056768K
  class space    used 1032K, capacity 1122K, committed 1152K, reserved 1048576K
Event: 16.478 GC heap after
Heap after GC invocations=8 (full 2):
 PSYoungGen      total 258560K, used 91472K [0x000000076ab00000, 0x0000000783e80000, 0x00000007c0000000)
  eden space 154112K, 0% used [0x000000076ab00000,0x000000076ab00000,0x0000000774180000)
  from space 104448K, 87% used [0x000000077b580000,0x0000000780ed40a0,0x0000000781b80000)
  to   space 118784K, 0% used [0x0000000774180000,0x0000000774180000,0x000000077b580000)
 ParOldGen       total 609280K, used 275546K [0x00000006c0000000, 0x00000006e5300000, 0x000000076ab00000)
  object space 609280K, 45% used [0x00000006c0000000,0x00000006d0d16a48,0x00000006e5300000)
 Metaspace       used 8438K, capacity 8636K, committed 8832K, reserved 1056768K
  class space    used 1032K, capacity 1122K, committed 1152K, reserved 1048576K
}
Event: 19.760 GC heap before
{Heap before GC invocations=9 (full 2):
 PSYoungGen      total 258560K, used 245584K [0x000000076ab00000, 0x0000000783e80000, 0x00000007c0000000)
  eden space 154112K, 100% used [0x000000076ab00000,0x0000000774180000,0x0000000774180000)
  from space 104448K, 87% used [0x000000077b580000,0x0000000780ed40a0,0x0000000781b80000)
  to   space 118784K, 0% used [0x0000000774180000,0x0000000774180000,0x000000077b580000)
 ParOldGen       total 609280K, used 275546K [0x00000006c0000000, 0x00000006e5300000, 0x000000076ab00000)
  object space 609280K, 45% used [0x00000006c0000000,0x00000006d0d16a48,0x00000006e5300000)
 Metaspace       used 8438K, capacity 8636K, committed 8832K, reserved 1056768K
  class space    used 1032K, capacity 1122K, committed 1152K, reserved 1048576K
Event: 19.856 GC heap after
Heap after GC invocations=9 (full 2):
 PSYoungGen      total 272896K, used 118752K [0x000000076ab00000, 0x0000000789f00000, 0x00000007c0000000)
  eden space 154112K, 0% used [0x000000076ab00000,0x000000076ab00000,0x0000000774180000)
  from space 118784K, 99% used [0x0000000774180000,0x000000077b578050,0x000000077b580000)
  to   space 168448K, 0% used [0x000000077fa80000,0x000000077fa80000,0x0000000789f00000)
 ParOldGen       total 609280K, used 338118K [0x00000006c0000000, 0x00000006e5300000, 0x000000076ab00000)
  object space 609280K, 55% used [0x00000006c0000000,0x00000006d4a31bb8,0x00000006e5300000)
 Metaspace       used 8438K, capacity 8636K, committed 8832K, reserved 1056768K
  class space    used 1032K, capacity 1122K, committed 1152K, reserved 1048576K
}
Event: 1103.729 GC heap before
{Heap before GC invocations=10 (full 2):
 PSYoungGen      total 272896K, used 269831K [0x000000076ab00000, 0x0000000789f00000, 0x00000007c0000000)
  eden space 154112K, 98% used [0x000000076ab00000,0x0000000773e89d90,0x0000000774180000)
  from space 118784K, 99% used [0x0000000774180000,0x000000077b578050,0x000000077b580000)
  to   space 168448K, 0% used [0x000000077fa80000,0x000000077fa80000,0x0000000789f00000)
 ParOldGen       total 609280K, used 338118K [0x00000006c0000000, 0x00000006e5300000, 0x000000076ab00000)
  object space 609280K, 55% used [0x00000006c0000000,0x00000006d4a31bb8,0x00000006e5300000)
 Metaspace       used 10823K, capacity 11054K, committed 11136K, reserved 1058816K
  class space    used 1311K, capacity 1391K, committed 1408K, reserved 1048576K
Event: 1103.809 GC heap after
Heap after GC invocations=10 (full 2):
 PSYoungGen      total 321024K, used 157829K [0x000000076ab00000, 0x000000078c680000, 0x00000007c0000000)
  eden space 152576K, 0% used [0x000000076ab00000,0x000000076ab00000,0x0000000774000000)
  from space 168448K, 93% used [0x000000077fa80000,0x00000007894a17f0,0x0000000789f00000)
  to   space 190976K, 0% used [0x0000000774000000,0x0000000774000000,0x000000077fa80000)
 ParOldGen       total 609280K, used 338126K [0x00000006c0000000, 0x00000006e5300000, 0x000000076ab00000)
  object space 609280K, 55% used [0x00000006c0000000,0x00000006d4a33bb8,0x00000006e5300000)
 Metaspace       used 10823K, capacity 11054K, committed 11136K, reserved 1058816K
  class space    used 1311K, capacity 1391K, committed 1408K, reserved 1048576K
}
Event: 1382.732 GC heap before
{Heap before GC invocations=11 (full 2):
 PSYoungGen      total 321024K, used 296720K [0x000000076ab00000, 0x000000078c680000, 0x00000007c0000000)
  eden space 152576K, 91% used [0x000000076ab00000,0x00000007732a28a0,0x0000000774000000)
  from space 168448K, 93% used [0x000000077fa80000,0x00000007894a17f0,0x0000000789f00000)
  to   space 190976K, 0% used [0x0000000774000000,0x0000000774000000,0x000000077fa80000)
 ParOldGen       total 609280K, used 338126K [0x00000006c0000000, 0x00000006e5300000, 0x000000076ab00000)
  object space 609280K, 55% used [0x00000006c0000000,0x00000006d4a33bb8,0x00000006e5300000)
 Metaspace       used 11096K, capacity 11342K, committed 11520K, reserved 1058816K
  class space    used 1340K, capacity 1423K, committed 1536K, reserved 1048576K
Event: 1382.936 GC heap after
Heap after GC invocations=11 (full 2):
 PSYoungGen      total 343552K, used 159932K [0x000000076ab00000, 0x000000078dc80000, 0x00000007c0000000)
  eden space 152576K, 0% used [0x000000076ab00000,0x000000076ab00000,0x0000000774000000)
  from space 190976K, 83% used [0x0000000774000000,0x000000077dc2f0a0,0x000000077fa80000)
  to   space 207360K, 0% used [0x0000000781200000,0x0000000781200000,0x000000078dc80000)
 ParOldGen       total 609280K, used 338134K [0x00000006c0000000, 0x00000006e5300000, 0x000000076ab00000)
  object space 609280K, 55% used [0x00000006c0000000,0x00000006d4a35bb8,0x00000006e5300000)
 Metaspace       used 11096K, capacity 11342K, committed 11520K, reserved 1058816K
  class space    used 1340K, capacity 1423K, committed 1536K, reserved 1048576K
}

